{"timestamp":"2025-08-02T23:11:19.936679","startTime":"2025-08-02T23:11:19.875625","endTime":"2025-08-02T23:11:19.926877","totalDuration":51,"categories":{"unit":{"name":"Unit Tests","success":false,"testCount":0,"duration":26,"error":"ProcessException: The system cannot find the file specified.\r\n\n  Command: flutter test test/core/models/hydration_entry_test.dart --reporter json"},"widget":{"name":"Widget Tests","success":false,"testCount":0,"duration":3,"error":"ProcessException: The system cannot find the file specified.\r\n\n  Command: flutter test test/features/hydration/widgets/circular_progress_section_test.dart --reporter json"},"integration":{"name":"Integration Tests","success":false,"testCount":0,"duration":2,"error":"ProcessException: The system cannot find the file specified.\r\n\n  Command: flutter test test/integration/swipeable_hydration_complete_flow_test.dart --reporter json"},"performance":{"name":"Performance Tests","success":false,"testCount":0,"duration":2,"error":"ProcessException: The system cannot find the file specified.\r\n\n  Command: flutter test test/performance/comprehensive_performance_test.dart --reporter json"},"accessibility":{"name":"Accessibility Tests","success":false,"testCount":0,"duration":2,"error":"ProcessException: The system cannot find the file specified.\r\n\n  Command: flutter test test/accessibility/comprehensive_accessibility_test.dart --reporter json"},"visual":{"name":"Visual Tests","success":false,"testCount":0,"duration":2,"error":"ProcessException: The system cannot find the file specified.\r\n\n  Command: flutter test test/visual/visual_regression_test.dart --reporter json"}},"summary":{"totalCategories":6,"passedCategories":0,"totalTests":0,"successRate":0.0}}